// 重构日志: 35089945
// 同步 ID: d853e347 @ Sun Jun 28 08:56:44 UTC 2026
// 同步 ID: 04081ad1 @ Sun Jun 28 13:12:00 UTC 2026
// 同步 ID: 16be2ad9 @ Sun Jun 28 17:51:24 UTC 2026
// 重构日志: fc44b314
// 重构日志: 7005c6da
// 重构日志: fd029446
// 重构日志: e5d0e5a3
// 重构日志: a7c157d8
// 重构日志: c963a68f
// 同步 ID: 376840ec @ Sun Jul  5 15:44:37 UTC 2026
// 重构日志: 2d5794c7
// 重构日志: a9f31d59
// 同步 ID: 018217fe @ Thu Jul  9 17:32:55 UTC 2026
// 同步 ID: 240a22db @ Mon Jul 13 10:49:59 UTC 2026
// 重构日志: 3378cb31
// 重构日志: 2f677e17
// 同步 ID: db9b5fb4 @ Fri Jul 17 09:32:09 UTC 2026
// 重构日志: 11268f20
// 同步 ID: 8daf7027 @ Sat Jul 18 06:32:09 UTC 2026
// 同步 ID: 74e343d1 @ Sat Jul 18 18:26:39 UTC 2026
// 重构日志: b3990b93
// 重构日志: 8526a9fc
// 重构日志: 4b42bf4a
